This file contains any messages produced by compilers while
running configure, to aid debugging if configure makes a mistake.

It was created by ewebserver configure 0.1, which was
generated by GNU Autoconf 2.69.  Invocation command line was

  $ ../configure --no-create --no-recursion

## --------- ##
## Platform. ##
## --------- ##

hostname = Ethan.localdomain
uname -m = x86_64
uname -r = 5.6.6-300.fc32.x86_64
uname -s = Linux
uname -v = #1 SMP Tue Apr 21 13:44:19 UTC 2020

/usr/bin/uname -p = x86_64
/bin/uname -X     = unknown

/bin/arch              = x86_64
/usr/bin/arch -k       = unknown
/usr/convex/getsysinfo = unknown
/usr/bin/hostinfo      = unknown
/bin/machine           = unknown
/usr/bin/oslevel       = unknown
/bin/universe          = unknown

PATH: /home/eschilli/.local/bin
PATH: /home/eschilli/bin
PATH: /usr/local/bin
PATH: /usr/bin
PATH: /usr/local/sbin
PATH: /usr/sbin


## ----------- ##
## Core tests. ##
## ----------- ##

configure:1827: checking for a BSD-compatible install
configure:1895: result: /usr/bin/install -c
configure:1906: checking whether build environment is sane
configure:1961: result: yes
configure:2110: checking for a thread-safe mkdir -p
configure:2149: result: /usr/bin/mkdir -p
configure:2156: checking for gawk
configure:2172: found /usr/bin/gawk
configure:2183: result: gawk
configure:2194: checking whether make sets $(MAKE)
configure:2216: result: yes
configure:2245: checking whether make supports nested variables
configure:2262: result: yes
configure:2389: checking whether make sets $(MAKE)
configure:2411: result: yes
configure:2468: checking for gcc
configure:2484: found /usr/bin/gcc
configure:2495: result: gcc
configure:2724: checking for C compiler version
configure:2733: gcc --version >&5
gcc (GCC) 10.1.1 20200507 (Red Hat 10.1.1-1)
Copyright (C) 2020 Free Software Foundation, Inc.
This is free software; see the source for copying conditions.  There is NO
warranty; not even for MERCHANTABILITY or FITNESS FOR A PARTICULAR PURPOSE.

configure:2744: $? = 0
configure:2733: gcc -v >&5
Using built-in specs.
COLLECT_GCC=gcc
COLLECT_LTO_WRAPPER=/usr/libexec/gcc/x86_64-redhat-linux/10/lto-wrapper
OFFLOAD_TARGET_NAMES=nvptx-none
OFFLOAD_TARGET_DEFAULT=1
Target: x86_64-redhat-linux
Configured with: ../configure --enable-bootstrap --enable-languages=c,c++,fortran,objc,obj-c++,ada,go,d,lto --prefix=/usr --mandir=/usr/share/man --infodir=/usr/share/info --with-bugurl=http://bugzilla.redhat.com/bugzilla --enable-shared --enable-threads=posix --enable-checking=release --enable-multilib --with-system-zlib --enable-__cxa_atexit --disable-libunwind-exceptions --enable-gnu-unique-object --enable-linker-build-id --with-gcc-major-version-only --with-linker-hash-style=gnu --enable-plugin --enable-initfini-array --with-isl --enable-offload-targets=nvptx-none --without-cuda-driver --enable-gnu-indirect-function --enable-cet --with-tune=generic --with-arch_32=i686 --build=x86_64-redhat-linux
Thread model: posix
Supported LTO compression algorithms: zlib zstd
gcc version 10.1.1 20200507 (Red Hat 10.1.1-1) (GCC) 
... rest of stderr output deleted ...
configure:2744: $? = 0
configure:2733: gcc -V >&5
gcc: error: unrecognized command-line option '-V'
gcc: fatal error: no input files
compilation terminated.
configure:2744: $? = 1
configure:2733: gcc -qversion >&5
gcc: error: unrecognized command-line option '-qversion'; did you mean '--version'?
gcc: fatal error: no input files
compilation terminated.
configure:2744: $? = 1
configure:2764: checking whether the C compiler works
configure:2786: gcc    conftest.c  >&5
configure:2790: $? = 0
configure:2838: result: yes
configure:2841: checking for C compiler default output file name
configure:2843: result: a.out
configure:2849: checking for suffix of executables
configure:2856: gcc -o conftest    conftest.c  >&5
configure:2860: $? = 0
configure:2882: result: 
configure:2904: checking whether we are cross compiling
configure:2912: gcc -o conftest    conftest.c  >&5
configure:2916: $? = 0
configure:2923: ./conftest
configure:2927: $? = 0
configure:2915: result: no
configure:2920: checking for suffix of object files
configure:2942: gcc -c   conftest.c >&5
configure:2946: $? = 0
configure:2967: result: o
configure:2971: checking whether we are using the GNU C compiler
configure:2990: gcc -c   conftest.c >&5
configure:2990: $? = 0
configure:2999: result: yes
configure:3008: checking whether gcc accepts -g
configure:3028: gcc -c -g  conftest.c >&5
configure:3028: $? = 0
configure:3069: result: yes
configure:3086: checking for gcc option to accept ISO C89
configure:3149: gcc  -c -g -O2  conftest.c >&5
configure:3149: $? = 0
configure:3162: result: none needed
configure:3187: checking whether gcc understands -c and -o together
configure:3209: gcc -c conftest.c -o conftest2.o
configure:3212: $? = 0
configure:3209: gcc -c conftest.c -o conftest2.o
configure:3212: $? = 0
configure:3224: result: yes
configure:3244: checking whether make supports the include directive
configure:3259: make -f confmf.GNU && cat confinc.out
make[1]: Entering directory '/home/eschilli/c/ewebserver/build'
make[1]: Leaving directory '/home/eschilli/c/ewebserver/build'
this is the am__doit target
configure:3262: $? = 0
configure:3281: result: yes (GNU style)
configure:3306: checking dependency style of gcc
configure:3417: result: gcc3
configure:3583: checking that generated files are newer than configure
configure:3589: result: done
configure:3612: creating ./config.status

## ---------------- ##
## Cache variables. ##
## ---------------- ##

ac_cv_c_compiler_gnu=yes
ac_cv_env_CC_set=
ac_cv_env_CC_value=
ac_cv_env_CFLAGS_set=
ac_cv_env_CFLAGS_value=
ac_cv_env_CPPFLAGS_set=
ac_cv_env_CPPFLAGS_value=
ac_cv_env_LDFLAGS_set=
ac_cv_env_LDFLAGS_value=
ac_cv_env_LIBS_set=
ac_cv_env_LIBS_value=
ac_cv_env_build_alias_set=
ac_cv_env_build_alias_value=
ac_cv_env_host_alias_set=
ac_cv_env_host_alias_value=
ac_cv_env_target_alias_set=
ac_cv_env_target_alias_value=
ac_cv_objext=o
ac_cv_path_install='/usr/bin/install -c'
ac_cv_path_mkdir=/usr/bin/mkdir
ac_cv_prog_AWK=gawk
ac_cv_prog_ac_ct_CC=gcc
ac_cv_prog_cc_c89=
ac_cv_prog_cc_g=yes
ac_cv_prog_make_make_set=yes
am_cv_CC_dependencies_compiler_type=gcc3
am_cv_make_support_nested_variables=yes
am_cv_prog_cc_c_o=yes

## ----------------- ##
## Output variables. ##
## ----------------- ##

ACLOCAL='${SHELL} /home/eschilli/c/ewebserver/missing aclocal-1.16'
AMDEPBACKSLASH='\'
AMDEP_FALSE='#'
AMDEP_TRUE=''
AMTAR='$${TAR-tar}'
AM_BACKSLASH='\'
AM_DEFAULT_V='$(AM_DEFAULT_VERBOSITY)'
AM_DEFAULT_VERBOSITY='1'
AM_V='$(V)'
AUTOCONF='${SHELL} /home/eschilli/c/ewebserver/missing autoconf'
AUTOHEADER='${SHELL} /home/eschilli/c/ewebserver/missing autoheader'
AUTOMAKE='${SHELL} /home/eschilli/c/ewebserver/missing automake-1.16'
AWK='gawk'
CC='gcc'
CCDEPMODE='depmode=gcc3'
CFLAGS='-std=c11 -Wall -Werror -Wextra -pthread -g'
CPPFLAGS=''
CYGPATH_W='echo'
DEFS='-DPACKAGE_NAME=\"ewebserver\" -DPACKAGE_TARNAME=\"ewebserver\" -DPACKAGE_VERSION=\"0.1\" -DPACKAGE_STRING=\"ewebserver\ 0.1\" -DPACKAGE_BUGREPORT=\"ethan.p.schilling@gmail.com\" -DPACKAGE_URL=\"\" -DPACKAGE=\"ewebserver\" -DVERSION=\"0.1\"'
DEPDIR='.deps'
ECHO_C=''
ECHO_N='-n'
ECHO_T=''
EXEEXT=''
INSTALL_DATA='${INSTALL} -m 644'
INSTALL_PROGRAM='${INSTALL}'
INSTALL_SCRIPT='${INSTALL}'
INSTALL_STRIP_PROGRAM='$(install_sh) -c -s'
LDFLAGS=''
LIBOBJS=''
LIBS=''
LTLIBOBJS=''
MAKEINFO='${SHELL} /home/eschilli/c/ewebserver/missing makeinfo'
MKDIR_P='/usr/bin/mkdir -p'
OBJEXT='o'
PACKAGE='ewebserver'
PACKAGE_BUGREPORT='ethan.p.schilling@gmail.com'
PACKAGE_NAME='ewebserver'
PACKAGE_STRING='ewebserver 0.1'
PACKAGE_TARNAME='ewebserver'
PACKAGE_URL=''
PACKAGE_VERSION='0.1'
PATH_SEPARATOR=':'
SET_MAKE=''
SHELL='/bin/sh'
STRIP=''
VERSION='0.1'
ac_ct_CC='gcc'
am__EXEEXT_FALSE=''
am__EXEEXT_TRUE='#'
am__fastdepCC_FALSE='#'
am__fastdepCC_TRUE=''
am__include='include'
am__isrc=' -I$(srcdir)'
am__leading_dot='.'
am__nodep='_no'
am__quote=''
am__tar='$${TAR-tar} chof - "$$tardir"'
am__untar='$${TAR-tar} xf -'
bindir='${exec_prefix}/bin'
build_alias=''
datadir='${datarootdir}'
datarootdir='${prefix}/share'
docdir='${datarootdir}/doc/${PACKAGE_TARNAME}'
dvidir='${docdir}'
exec_prefix='${prefix}'
host_alias=''
htmldir='${docdir}'
includedir='${prefix}/include'
infodir='${datarootdir}/info'
install_sh='${SHELL} /home/eschilli/c/ewebserver/install-sh'
libdir='${exec_prefix}/lib'
libexecdir='${exec_prefix}/libexec'
localedir='${datarootdir}/locale'
localstatedir='${prefix}/var'
mandir='${datarootdir}/man'
mkdir_p='$(MKDIR_P)'
oldincludedir='/usr/include'
pdfdir='${docdir}'
prefix='/usr/local'
program_transform_name='s,x,x,'
psdir='${docdir}'
sbindir='${exec_prefix}/sbin'
sharedstatedir='${prefix}/com'
sysconfdir='${prefix}/etc'
target_alias=''

## ----------- ##
## confdefs.h. ##
## ----------- ##

/* confdefs.h */
#define PACKAGE_NAME "ewebserver"
#define PACKAGE_TARNAME "ewebserver"
#define PACKAGE_VERSION "0.1"
#define PACKAGE_STRING "ewebserver 0.1"
#define PACKAGE_BUGREPORT "ethan.p.schilling@gmail.com"
#define PACKAGE_URL ""
#define PACKAGE "ewebserver"
#define VERSION "0.1"

configure: exit 0

## ---------------------- ##
## Running config.status. ##
## ---------------------- ##

This file was extended by ewebserver config.status 0.1, which was
generated by GNU Autoconf 2.69.  Invocation command line was

  CONFIG_FILES    = 
  CONFIG_HEADERS  = 
  CONFIG_LINKS    = 
  CONFIG_COMMANDS = 
  $ ./config.status 

on Ethan.localdomain

config.status:769: creating Makefile
config.status:769: creating src/Makefile
config.status:926: executing depfiles commands
config.status:1003: cd src       && sed -e '/# am--include-marker/d' Makefile         | make -f - am--depfiles
make[1]: Entering directory '/home/eschilli/c/ewebserver/build/src'
make[1]: Nothing to be done for 'am--depfiles'.
make[1]: Leaving directory '/home/eschilli/c/ewebserver/build/src'
config.status:1008: $? = 0
